<?xml version="1.0" encoding="UTF-8"?>
<!-- Generated by org.testng.reporters.JUnitReportReporter -->
<testsuite skipped="0" hostname="DESKTOP-F32IQAG" name="dailyhome.Summary" tests="4" failures="0" timestamp="29 Feb 2020 16:06:02 GMT" time="8.006" errors="0">
  <testcase name="cal" time="2.739" classname="dailyhome.Summary"/>
  <testcase name="cal" time="2.537" classname="dailyhome.Summary"/>
  <testcase name="call" time="1.247" classname="dailyhome.Summary"/>
  <testcase name="call" time="1.483" classname="dailyhome.Summary"/>
</testsuite> <!-- dailyhome.Summary -->
